Plugins:
Bundled analyzers:
  - Python Code Quality and Security 4.14.0.14263 (python)
  - Clean as You Code 2.3.0.1782 (cayc)
  - Go Code Quality and Security 1.15.0.4655 (go)
  - JaCoCo 1.3.0.1538 (jacoco)
  - Kotlin Code Quality and Security 2.20.0.4382 (kotlin)
  - IaC Code Quality and Security 1.26.0.8471 (iac)
  - JavaScript/TypeScript/CSS Code Quality and Security 10.11.1.25225 (javascript)
  - Ruby Code Quality and Security 1.15.0.4655 (ruby)
  - Scala Code Quality and Security 1.15.0.4655 (sonarscala)
  - C# Code Quality and Security 9.19.0.84025 (csharp)
  - Java Code Quality and Security 7.30.0.34429 (java)
  - HTML Code Quality and Security 3.13.0.4821 (web)
  - Flex Code Quality and Security 2.12.0.4568 (flex)
  - XML Code Quality and Security 2.10.0.4108 (xml)
  - PHP Code Quality and Security 3.33.0.11274 (php)
  - Text Code Quality and Security 2.8.0.1635 (text)
  - VB.NET Code Quality and Security 9.19.0.84025 (vbnet)
Global server settings:
  - sonar.azureresourcemanager.file.suffixes=.bicep
  - sonar.core.id=147B411E-AZZc3iSBavY5RbCNFPuG
  - sonar.core.startTime=2025-04-22T09:39:42+0000
  - sonar.cs.file.suffixes=.cs,.razor
  - sonar.css.file.suffixes=.css,.less,.scss,.sass
  - sonar.docker.file.patterns=Dockerfile,*.dockerfile
  - sonar.flex.file.suffixes=as
  - sonar.forceAuthentication=true
  - sonar.go.file.suffixes=.go
  - sonar.html.file.suffixes=.html,.xhtml,.cshtml,.vbhtml,.aspx,.ascx,.rhtml,.erb,.shtm,.shtml,.cmp,.twig
  - sonar.java.file.suffixes=.java,.jav
  - sonar.javascript.file.suffixes=.js,.jsx,.cjs,.mjs,.vue
  - sonar.json.file.suffixes=.json
  - sonar.jsp.file.suffixes=.jsp,.jspf,.jspx
  - sonar.kotlin.file.suffixes=.kt,.kts
  - sonar.php.file.suffixes=php,php3,php4,php5,phtml,inc
  - sonar.python.file.suffixes=py
  - sonar.qualityProfiles.allowDisableInheritedRules=true
  - sonar.ruby.file.suffixes=.rb
  - sonar.scala.file.suffixes=.scala
  - sonar.terraform.file.suffixes=.tf
  - sonar.typescript.file.suffixes=.ts,.tsx,.cts,.mts
  - sonar.vbnet.file.suffixes=.vb
  - sonar.xml.file.suffixes=.xml,.xsd,.xsl,.config
  - sonar.yaml.file.suffixes=.yaml,.yml
Project server settings:
  - sonar.azureresourcemanager.file.suffixes=.bicep
  - sonar.cs.file.suffixes=.cs,.razor
  - sonar.css.file.suffixes=.css,.less,.scss,.sass
  - sonar.docker.file.patterns=Dockerfile,*.dockerfile
  - sonar.flex.file.suffixes=as
  - sonar.go.file.suffixes=.go
  - sonar.html.file.suffixes=.html,.xhtml,.cshtml,.vbhtml,.aspx,.ascx,.rhtml,.erb,.shtm,.shtml,.cmp,.twig
  - sonar.java.file.suffixes=.java,.jav
  - sonar.javascript.file.suffixes=.js,.jsx,.cjs,.mjs,.vue
  - sonar.json.file.suffixes=.json
  - sonar.jsp.file.suffixes=.jsp,.jspf,.jspx
  - sonar.kotlin.file.suffixes=.kt,.kts
  - sonar.php.file.suffixes=php,php3,php4,php5,phtml,inc
  - sonar.python.file.suffixes=py
  - sonar.ruby.file.suffixes=.rb
  - sonar.scala.file.suffixes=.scala
  - sonar.terraform.file.suffixes=.tf
  - sonar.typescript.file.suffixes=.ts,.tsx,.cts,.mts
  - sonar.vbnet.file.suffixes=.vb
  - sonar.xml.file.suffixes=.xml,.xsd,.xsl,.config
  - sonar.yaml.file.suffixes=.yaml,.yml
Project scanner properties:
  - sonar.binaries=/var/lib/jenkins/workspace/ultimate-demo/java-maven-sonar-argocd-helm-k8s/spring-boot-app/target/classes
  - sonar.groovy.binaries=/var/lib/jenkins/workspace/ultimate-demo/java-maven-sonar-argocd-helm-k8s/spring-boot-app/target/classes
  - sonar.host.url=http://3.239.114.111:9000
  - sonar.java.binaries=/var/lib/jenkins/workspace/ultimate-demo/java-maven-sonar-argocd-helm-k8s/spring-boot-app/target/classes
  - sonar.java.jdkHome=/usr/lib/jvm/temurin-17-jdk-amd64
  - sonar.java.libraries=/root/.m2/repository/org/springframework/boot/spring-boot-starter-web/2.2.4.RELEASE/spring-boot-starter-web-2.2.4.RELEASE.jar,/root/.m2/repository/org/springframework/boot/spring-boot-starter/2.2.4.RELEASE/spring-boot-starter-2.2.4.RELEASE.jar,/root/.m2/repository/org/springframework/boot/spring-boot-starter-logging/2.2.4.RELEASE/spring-boot-starter-logging-2.2.4.RELEASE.jar,/root/.m2/repository/ch/qos/logback/logback-classic/1.2.3/logback-classic-1.2.3.jar,/root/.m2/repository/ch/qos/logback/logback-core/1.2.3/logback-core-1.2.3.jar,/root/.m2/repository/org/apache/logging/log4j/log4j-to-slf4j/2.12.1/log4j-to-slf4j-2.12.1.jar,/root/.m2/repository/org/apache/logging/log4j/log4j-api/2.12.1/log4j-api-2.12.1.jar,/root/.m2/repository/org/slf4j/jul-to-slf4j/1.7.30/jul-to-slf4j-1.7.30.jar,/root/.m2/repository/jakarta/annotation/jakarta.annotation-api/1.3.5/jakarta.annotation-api-1.3.5.jar,/root/.m2/repository/org/springframework/boot/spring-boot-starter-json/2.2.4.RELEASE/spring-boot-start...
  - sonar.java.source=11
  - sonar.java.target=11
  - sonar.java.test.libraries=/var/lib/jenkins/workspace/ultimate-demo/java-maven-sonar-argocd-helm-k8s/spring-boot-app/target/classes,/root/.m2/repository/org/springframework/boot/spring-boot-starter-web/2.2.4.RELEASE/spring-boot-starter-web-2.2.4.RELEASE.jar,/root/.m2/repository/org/springframework/boot/spring-boot-starter/2.2.4.RELEASE/spring-boot-starter-2.2.4.RELEASE.jar,/root/.m2/repository/org/springframework/boot/spring-boot-starter-logging/2.2.4.RELEASE/spring-boot-starter-logging-2.2.4.RELEASE.jar,/root/.m2/repository/ch/qos/logback/logback-classic/1.2.3/logback-classic-1.2.3.jar,/root/.m2/repository/ch/qos/logback/logback-core/1.2.3/logback-core-1.2.3.jar,/root/.m2/repository/org/apache/logging/log4j/log4j-to-slf4j/2.12.1/log4j-to-slf4j-2.12.1.jar,/root/.m2/repository/org/apache/logging/log4j/log4j-api/2.12.1/log4j-api-2.12.1.jar,/root/.m2/repository/org/slf4j/jul-to-slf4j/1.7.30/jul-to-slf4j-1.7.30.jar,/root/.m2/repository/jakarta/annotation/jakarta.annotation-api/1.3.5/jakarta.annotation-api-1.3.5.j...
  - sonar.libraries=/root/.m2/repository/org/springframework/boot/spring-boot-starter-web/2.2.4.RELEASE/spring-boot-starter-web-2.2.4.RELEASE.jar,/root/.m2/repository/org/springframework/boot/spring-boot-starter/2.2.4.RELEASE/spring-boot-starter-2.2.4.RELEASE.jar,/root/.m2/repository/org/springframework/boot/spring-boot-starter-logging/2.2.4.RELEASE/spring-boot-starter-logging-2.2.4.RELEASE.jar,/root/.m2/repository/ch/qos/logback/logback-classic/1.2.3/logback-classic-1.2.3.jar,/root/.m2/repository/ch/qos/logback/logback-core/1.2.3/logback-core-1.2.3.jar,/root/.m2/repository/org/apache/logging/log4j/log4j-to-slf4j/2.12.1/log4j-to-slf4j-2.12.1.jar,/root/.m2/repository/org/apache/logging/log4j/log4j-api/2.12.1/log4j-api-2.12.1.jar,/root/.m2/repository/org/slf4j/jul-to-slf4j/1.7.30/jul-to-slf4j-1.7.30.jar,/root/.m2/repository/jakarta/annotation/jakarta.annotation-api/1.3.5/jakarta.annotation-api-1.3.5.jar,/root/.m2/repository/org/springframework/boot/spring-boot-starter-json/2.2.4.RELEASE/spring-boot-start...
  - sonar.links.ci=
  - sonar.links.homepage=
  - sonar.links.issue=
  - sonar.links.scm=https://github.com/spring-projects/spring-boot/spring-boot-starter-parent/spring-boot-demo
  - sonar.links.scm_dev=
  - sonar.moduleKey=com.abhishek:spring-boot-demo
  - sonar.projectBaseDir=/var/lib/jenkins/workspace/ultimate-demo/java-maven-sonar-argocd-helm-k8s/spring-boot-app
  - sonar.projectBuildDir=/var/lib/jenkins/workspace/ultimate-demo/java-maven-sonar-argocd-helm-k8s/spring-boot-app/target
  - sonar.projectDescription=Parent pom providing dependency and plugin management for applications
		built with Maven
  - sonar.projectKey=com.abhishek:spring-boot-demo
  - sonar.projectName=spring-boot-demo
  - sonar.projectVersion=1.0
  - sonar.scanner.app=ScannerMaven
  - sonar.scanner.appVersion=4.0.0.4121/3.8.1
  - sonar.sourceEncoding=UTF-8
  - sonar.sources=/var/lib/jenkins/workspace/ultimate-demo/java-maven-sonar-argocd-helm-k8s/spring-boot-app/pom.xml,/var/lib/jenkins/workspace/ultimate-demo/java-maven-sonar-argocd-helm-k8s/spring-boot-app/src/main/java
  - sonar.token=******
  - sonar.verbose=true
  - sonar.working.directory=/var/lib/jenkins/workspace/ultimate-demo/java-maven-sonar-argocd-helm-k8s/spring-boot-app/target/sonar
